Arguments: 
  /usr/local/Cellar/node/12.4.0/bin/node /usr/local/bin/yarn init

PATH: 
  /usr/local/opt/imagemagick@6/bin:/Users/rraman/.gem/ruby/2.4.0/bin:/Users/rraman/.rubies/2.4.0/lib/ruby/gems/2.4.0/bin:/Users/rraman/.rubies/2.4.0/bin:/Applications/Postgres.app/Contents/Versions/latest/bin:/Users/rraman/.cargo/bin:/usr/local/bin:/usr/bin:/bin:/usr/sbin:/sbin:/Applications/Postgres.app/Contents/Versions/latest/bin

Yarn version: 
  1.21.0

Node version: 
  12.4.0

Platform: 
  darwin x64

Trace: 
  Error: canceled
      at Interface.<anonymous> (/usr/local/lib/node_modules/yarn/lib/cli.js:136882:13)
      at Interface.emit (events.js:200:13)
      at Interface._ttyWrite (readline.js:877:16)
      at ReadStream.onkeypress (readline.js:189:10)
      at ReadStream.emit (events.js:200:13)
      at emitKeys (internal/readline.js:424:14)
      at emitKeys.next (<anonymous>)
      at ReadStream.onData (readline.js:1145:36)
      at ReadStream.emit (events.js:200:13)
      at addChunk (_stream_readable.js:294:12)

npm manifest: 
  No manifest

yarn manifest: 
  No manifest

Lockfile: 
  No lockfile
